[2020-05-01 11:15:03] INFO in _internal:  * Detected change in '/home/kadogams/PycharmProjects/powerplant-coding-challenge/api/power_allocator.py', reloading
[2020-05-01 11:15:03] INFO in _internal:  * Restarting with stat
[2020-05-01 11:15:03] WARNING in _internal:  * Debugger is active!
[2020-05-01 11:15:03] INFO in _internal:  * Debugger PIN: 200-870-277
[2020-05-01 11:16:05] INFO in _internal:  * Detected change in '/home/kadogams/PycharmProjects/powerplant-coding-challenge/api/api.py', reloading
[2020-05-01 11:16:05] INFO in _internal:  * Restarting with stat
[2020-05-01 11:16:06] WARNING in _internal:  * Debugger is active!
[2020-05-01 11:16:06] INFO in _internal:  * Debugger PIN: 200-870-277
[2020-05-01 11:16:40] INFO in _internal:  * Detected change in '/home/kadogams/PycharmProjects/powerplant-coding-challenge/api/powerplant.py', reloading
[2020-05-01 11:16:40] INFO in _internal:  * Restarting with stat
[2020-05-01 11:16:40] WARNING in _internal:  * Debugger is active!
[2020-05-01 11:16:40] INFO in _internal:  * Debugger PIN: 200-870-277
[2020-05-01 11:16:43] INFO in _internal:  * Detected change in '/home/kadogams/PycharmProjects/powerplant-coding-challenge/api/api.py', reloading
[2020-05-01 11:16:43] INFO in _internal:  * Restarting with stat
[2020-05-01 11:16:43] WARNING in _internal:  * Debugger is active!
[2020-05-01 11:16:43] INFO in _internal:  * Debugger PIN: 200-870-277
[2020-05-01 11:16:54] INFO in _internal:  * Detected change in '/home/kadogams/PycharmProjects/powerplant-coding-challenge/api/power_allocator.py', reloading
[2020-05-01 11:16:54] INFO in _internal:  * Restarting with stat
[2020-05-01 11:16:54] WARNING in _internal:  * Debugger is active!
[2020-05-01 11:16:54] INFO in _internal:  * Debugger PIN: 200-870-277
